<?xml version="1.0" encoding="UTF-8"?>
<!-- Generated by org.testng.reporters.JUnitReportReporter -->
<testsuite hostname="DESKTOP-EQR3C6J" failures="0" tests="5" name="testCase.Tc_003_LoginDDT" time="57.221" errors="0" timestamp="2024-05-01T19:58:56 IST" skipped="0">
  <testcase classname="testCase.Tc_003_LoginDDT" name="verify_LoginDDT" time="13.564"/>
  <testcase classname="testCase.Tc_003_LoginDDT" name="verify_LoginDDT" time="11.230"/>
  <testcase classname="testCase.Tc_003_LoginDDT" name="verify_LoginDDT" time="13.874"/>
  <testcase classname="testCase.Tc_003_LoginDDT" name="verify_LoginDDT" time="5.078"/>
  <testcase classname="testCase.Tc_003_LoginDDT" name="verify_LoginDDT" time="13.475"/>
</testsuite> <!-- testCase.Tc_003_LoginDDT -->
