<?xml version="1.0" encoding="UTF-8"?>
<!-- Generated by org.testng.reporters.JUnitReportReporter -->
<testsuite hostname="DESKTOP-EQR3C6J" failures="0" tests="1" name="testCase.Tc_002_LoginTest" time="7.724" errors="0" timestamp="2024-05-02T18:36:01 IST" skipped="0">
  <testcase classname="testCase.Tc_002_LoginTest" name="verify_Login" time="7.724"/>
</testsuite> <!-- testCase.Tc_002_LoginTest -->
