<?xml version="1.0" encoding="UTF-8"?>
<!-- Generated by org.testng.reporters.JUnitReportReporter -->
<testsuite hostname="DESKTOP-EQR3C6J" failures="0" tests="1" name="testCase.AccountRegistrationTest" time="13.605" errors="0" timestamp="2024-05-01T12:24:37 IST" skipped="0">
  <testcase classname="testCase.AccountRegistrationTest" name="Tc_001_MyAccountRigstrationTest" time="13.605"/>
</testsuite> <!-- testCase.AccountRegistrationTest -->
