<?xml version="1.0" encoding="UTF-8"?>
<!-- Generated by org.testng.reporters.JUnitReportReporter -->
<testsuite hostname="DESKTOP-EQR3C6J" failures="0" tests="1" name="testCase.Tc_001_MyAccountRigstration" time="16.911" errors="0" timestamp="2024-05-04T10:24:55 IST" skipped="0">
  <testcase classname="testCase.Tc_001_MyAccountRigstration" name="Tc_001_MyAccountRigstrationTest" time="16.911"/>
</testsuite> <!-- testCase.Tc_001_MyAccountRigstration -->
