<?xml version="1.0" encoding="UTF-8"?>
<!-- Generated by org.testng.reporters.JUnitReportReporter -->
<testsuite hostname="DESKTOP-EQR3C6J" failures="0" tests="1" name="testCase.Tc_002_LoginTest" time="6.616" errors="0" timestamp="2024-05-04T10:24:55 IST" skipped="0">
  <testcase classname="testCase.Tc_002_LoginTest" name="verify_Login" time="6.616"/>
</testsuite> <!-- testCase.Tc_002_LoginTest -->
